INFO 2012-01-22 23:31:57,104 PageInfo import start
INFO 2012-01-22 23:31:57,923 Pulling 23950 pages from Facebook (step of 2000)
INFO 2012-01-22 23:35:06,966 Importing 2000 page infos into database
INFO 2012-01-22 23:35:11,520 Bad response for page id 126444977416517
INFO 2012-01-22 23:35:12,195 Bad response for page id 148197988547536
INFO 2012-01-22 23:35:12,427 Bad response for page id 220664307945207
INFO 2012-01-22 23:35:13,502 Bad response for page id 191307850882987
INFO 2012-01-22 23:35:14,207 Bad response for page id 151509071553451
INFO 2012-01-22 23:35:15,718 Bad response for page id 161645843860160
INFO 2012-01-22 23:35:15,788 Bad response for page id 132114320159449
INFO 2012-01-22 23:35:16,080 Bad response for page id 127572507329072
INFO 2012-01-22 23:38:45,300 Importing 2000 page infos into database
INFO 2012-01-22 23:38:46,729 Bad response for page id 117849054907288
INFO 2012-01-22 23:38:48,134 Bad response for page id 189859997755254
INFO 2012-01-22 23:38:50,255 Bad response for page id 116003408424954
INFO 2012-01-22 23:38:50,823 Bad response for page id 104932179550196
INFO 2012-01-22 23:43:02,809 Importing 2000 page infos into database
INFO 2012-01-22 23:43:03,079 Bad response for page id 137359686331873
INFO 2012-01-22 23:43:03,728 Bad response for page id 139254416112799
INFO 2012-01-22 23:43:04,959 Bad response for page id 183336278381916
INFO 2012-01-22 23:43:06,119 Bad response for page id 274455905919183
INFO 2012-01-22 23:43:06,591 Bad response for page id 180284511988049
INFO 2012-01-22 23:43:10,022 Bad response for page id 112010218886231
INFO 2012-01-22 23:43:10,226 Bad response for page id 108179212556781
INFO 2012-01-22 23:45:58,847 Importing 2000 page infos into database
INFO 2012-01-22 23:46:02,575 Bad response for page id 174030629316692
INFO 2012-01-22 23:46:02,603 Bad response for page id 117067681712641
INFO 2012-01-22 23:46:04,186 Bad response for page id 160325970645647
INFO 2012-01-22 23:46:06,450 Bad response for page id 283735238319691
INFO 2012-01-22 23:46:06,520 Bad response for page id 121671314509629
INFO 2012-01-22 23:48:50,268 Importing 2000 page infos into database
INFO 2012-01-22 23:48:54,040 Bad response for page id 204721642929532
INFO 2012-01-22 23:51:35,506 Importing 2000 page infos into database
INFO 2012-01-22 23:51:36,681 Bad response for page id 116814445046760
INFO 2012-01-22 23:51:38,846 Bad response for page id 131627590268982
INFO 2012-01-22 23:51:40,196 Bad response for page id 179052335471760
INFO 2012-01-22 23:51:42,688 Bad response for page id 224502264230019
INFO 2012-01-22 23:56:08,183 Importing 2000 page infos into database
INFO 2012-01-22 23:56:09,030 Bad response for page id 115603891827039
INFO 2012-01-22 23:56:09,120 Bad response for page id 137259446306293
INFO 2012-01-22 23:56:09,443 Bad response for page id 117739028244838
INFO 2012-01-22 23:56:09,459 Bad response for page id 162721227086991
INFO 2012-01-22 23:56:10,607 Bad response for page id 51350028215
INFO 2012-01-22 23:56:11,020 Bad response for page id 216313705083055
INFO 2012-01-22 23:56:11,378 Bad response for page id 191089127569337
INFO 2012-01-22 23:56:11,378 Bad response for page id 107088835987937
INFO 2012-01-22 23:56:12,336 Bad response for page id 182647125110374
INFO 2012-01-22 23:56:12,629 Bad response for page id 355528161139971
INFO 2012-01-22 23:56:12,637 Bad response for page id 207460092615233
INFO 2012-01-22 23:56:12,798 Bad response for page id 165788950141587
INFO 2012-01-22 23:56:13,013 Bad response for page id 177519218935149
INFO 2012-01-22 23:56:14,386 Bad response for page id 190375567641509
INFO 2012-01-22 23:56:14,768 Bad response for page id 169314889751213
INFO 2012-01-22 23:56:14,781 Bad response for page id 108571105893066
INFO 2012-01-22 23:56:14,879 Bad response for page id 94607052276
INFO 2012-01-22 23:56:15,287 Bad response for page id 169798033047097
INFO 2012-01-22 23:56:15,708 Bad response for page id 207048016016620
INFO 2012-01-22 23:56:15,742 Bad response for page id 210575012313980
INFO 2012-01-22 23:56:15,801 Bad response for page id 100532186673262
INFO 2012-01-22 23:56:15,881 Bad response for page id 157045751020047
INFO 2012-01-22 23:56:16,025 Bad response for page id 226744570690312
INFO 2012-01-22 23:56:16,038 Bad response for page id 111615028875901
INFO 2012-01-22 23:58:26,340 Importing 2000 page infos into database
INFO 2012-01-22 23:58:27,697 Bad response for page id 118709551549463
INFO 2012-01-22 23:58:28,554 Bad response for page id 172218009492875
INFO 2012-01-22 23:58:31,514 Bad response for page id 244949798881975
INFO 2012-01-22 23:58:31,790 Bad response for page id 114998338528265
INFO 2012-01-23 00:00:58,716 Importing 2000 page infos into database
INFO 2012-01-23 00:00:58,773 Bad response for page id 141291725911771
INFO 2012-01-23 00:00:59,385 Bad response for page id 232520483471734
INFO 2012-01-23 00:00:59,410 Bad response for page id 151074424949029
INFO 2012-01-23 00:00:59,449 Bad response for page id 214095385312412
INFO 2012-01-23 00:00:59,632 Bad response for page id 127806327265623
INFO 2012-01-23 00:00:59,881 Bad response for page id 173049119389368
INFO 2012-01-23 00:01:00,174 Bad response for page id 171195462912193
INFO 2012-01-23 00:01:00,585 Bad response for page id 120459324632489
INFO 2012-01-23 00:01:00,791 Bad response for page id 115024378576787
INFO 2012-01-23 00:01:01,407 Bad response for page id 160127620714525
INFO 2012-01-23 00:01:01,555 Bad response for page id 219799638051542
INFO 2012-01-23 00:01:01,631 Bad response for page id 187103461330962
INFO 2012-01-23 00:01:02,156 Bad response for page id 151931841484560
INFO 2012-01-23 00:01:02,981 Bad response for page id 122726587779360
INFO 2012-01-23 00:01:03,069 Bad response for page id 120393421307299
INFO 2012-01-23 00:01:04,005 Bad response for page id 163690217021309
INFO 2012-01-23 00:01:04,005 Bad response for page id 111605662213003
INFO 2012-01-23 00:01:04,122 Bad response for page id 154343127945865
INFO 2012-01-23 00:01:04,285 Bad response for page id 117804288245798
INFO 2012-01-23 00:01:04,293 Bad response for page id 109235629116340
INFO 2012-01-23 00:01:04,718 Bad response for page id 115695105120115
INFO 2012-01-23 00:01:04,896 Bad response for page id 229108537147285
INFO 2012-01-23 00:01:05,015 Bad response for page id 152370554776279
INFO 2012-01-23 00:01:05,844 Bad response for page id 128060693906420
INFO 2012-01-23 00:01:06,089 Bad response for page id 113396665361101
INFO 2012-01-23 00:01:06,174 Bad response for page id 116716911685583
INFO 2012-01-23 00:01:06,564 Bad response for page id 126770734053690
INFO 2012-01-23 00:01:06,584 Bad response for page id 163513513712905
INFO 2012-01-23 00:01:06,665 Bad response for page id 129369780447329
INFO 2012-01-23 00:01:06,918 Bad response for page id 195625930462809
INFO 2012-01-23 00:01:07,172 Bad response for page id 116323851721265
INFO 2012-01-23 00:01:07,184 Bad response for page id 119900121359534
INFO 2012-01-23 00:01:07,291 Bad response for page id 175080888257
INFO 2012-01-23 00:03:16,189 Importing 2000 page infos into database
INFO 2012-01-23 00:03:20,801 Bad response for page id 111609195543252
INFO 2012-01-23 00:03:21,076 Bad response for page id 130140647052419
INFO 2012-01-23 00:03:22,964 Bad response for page id 103712119696125
INFO 2012-01-23 00:03:23,279 Bad response for page id 177840542239608
INFO 2012-01-23 00:03:24,084 Bad response for page id 167832273228133
INFO 2012-01-23 00:05:55,225 Importing 2000 page infos into database
INFO 2012-01-23 00:05:58,422 Bad response for page id 194685280579684
INFO 2012-01-23 00:05:58,991 Bad response for page id 117188844967581
INFO 2012-01-23 00:06:02,149 Bad response for page id 219050464772266
INFO 2012-01-23 00:06:03,137 Bad response for page id 183007775052957
INFO 2012-01-23 00:08:12,876 Importing 1949 page infos into database
INFO 2012-01-23 00:08:14,793 Bad response for page id 201975209840835
INFO 2012-01-23 00:08:17,640 Bad response for page id 190479874325450
INFO 2012-01-23 00:08:18,414 Bad response for page id 134042193291497
INFO 2012-01-23 00:08:20,631 Bad response for page id 88574885865
INFO 2012-01-23 00:08:20,631 Bad response for page id 33240611436
INFO 2012-01-23 00:08:20,715 Bad response for page id 43246695373
INFO 2012-01-23 00:08:20,732 Bad response for page id 98985619819
INFO 2012-01-23 00:08:20,733 Bad response for page id 173205309369201
INFO 2012-01-23 00:08:20,979 PageInfo import complete
