INFO 2012-01-19 14:26:24,362 Event import start
INFO 2012-01-19 14:26:24,366 Reading 10 feeds for Event importing
INFO 2012-01-19 14:26:24,366 Processing new events from feed "Attack Theatre"
INFO 2012-01-19 14:26:25,068 UID 9bbd1jkqk91nl7lt3k01fk3iv4@google.com: Imported new event, id=19037
INFO 2012-01-19 14:26:25,068 UID 9bbd1jkqk91nl7lt3k01fk3iv4@google.com: Report status notice: EventImportNotice: RecordExists
INFO 2012-01-19 14:26:25,073 UID btr0vhc6f4rq2vbk7djhvk1a0k@google.com: Imported new event, id=19038
INFO 2012-01-19 14:26:25,073 UID btr0vhc6f4rq2vbk7djhvk1a0k@google.com: Report status notice: EventImportNotice: RecordExists
INFO 2012-01-19 14:26:25,077 UID 8ebodtgjbv260m9v085d6n6ed0@google.com: Imported new event, id=19039
INFO 2012-01-19 14:26:25,077 UID 8ebodtgjbv260m9v085d6n6ed0@google.com: Report status notice: EventImportNotice: RecordExists
INFO 2012-01-19 14:26:25,080 UID 1fbq0am3b90smsmps32uvjkkas@google.com: Imported new event, id=19040
INFO 2012-01-19 14:26:25,081 UID 1fbq0am3b90smsmps32uvjkkas@google.com: Report status notice: EventImportNotice: RecordExists
INFO 2012-01-19 14:26:25,084 UID o2kha1d6bokuv5d4hq45f69kok@google.com: Imported new event, id=19041
INFO 2012-01-19 14:26:25,084 UID o2kha1d6bokuv5d4hq45f69kok@google.com: Report status notice: EventImportNotice: RecordExists
INFO 2012-01-19 14:26:25,088 UID s1n2vedi4lruje1a947sk6g6gk@google.com: Imported new event, id=19042
INFO 2012-01-19 14:26:25,088 UID s1n2vedi4lruje1a947sk6g6gk@google.com: Report status notice: EventImportNotice: RecordExists
INFO 2012-01-19 14:26:25,092 UID pevqsppcg3thpu32rhaaafo5v4@google.com: Imported new event, id=19043
INFO 2012-01-19 14:26:25,092 UID pevqsppcg3thpu32rhaaafo5v4@google.com: Report status notice: EventImportNotice: RecordExists
INFO 2012-01-19 14:26:25,095 UID a6q7mf6mskj5vn311ir8qqhgt4@google.com: Imported new event, id=19044
INFO 2012-01-19 14:26:25,096 UID a6q7mf6mskj5vn311ir8qqhgt4@google.com: Report status notice: EventImportNotice: RecordExists
INFO 2012-01-19 14:26:25,099 UID r6j20rvthme6u3f2cukjlfi8bo@google.com: Imported new event, id=19045
INFO 2012-01-19 14:26:25,099 UID r6j20rvthme6u3f2cukjlfi8bo@google.com: Report status notice: EventImportNotice: RecordExists
INFO 2012-01-19 14:26:25,104 UID 0rmilf9kdauh9t00sa2crf8p30@google.com: Imported new event, id=19046
INFO 2012-01-19 14:26:25,104 UID 0rmilf9kdauh9t00sa2crf8p30@google.com: Report status notice: EventImportNotice: RecordExists
INFO 2012-01-19 14:26:25,113 0 new Events imported from feed "Attack Theatre"
INFO 2012-01-19 14:26:25,113 Processing new events from feed "Bike Pittsburgh"
INFO 2012-01-19 14:26:29,174 UID 2ssdb6c1qeaarch275ti89kba4@google.com: Imported new event, id=19047
INFO 2012-01-19 14:26:29,175 UID 2ssdb6c1qeaarch275ti89kba4@google.com: Report status notice: EventImportNotice: RecordExists
INFO 2012-01-19 14:26:29,178 UID 0l0m7kr25ifcsst099l8kkvug0@google.com: Imported new event, id=19048
INFO 2012-01-19 14:26:29,178 UID 0l0m7kr25ifcsst099l8kkvug0@google.com: Report status notice: EventImportNotice: RecordExists
INFO 2012-01-19 14:26:29,183 UID s1nickv3qc9pg7fcp7feqj30as@google.com: Imported new event, id=19049
INFO 2012-01-19 14:26:29,183 UID s1nickv3qc9pg7fcp7feqj30as@google.com: Report status notice: EventImportNotice: RecordExists
INFO 2012-01-19 14:26:29,187 UID j6j0rl5o790o33hdsjeg2s672k@google.com: Imported new event, id=19050
INFO 2012-01-19 14:26:29,187 UID j6j0rl5o790o33hdsjeg2s672k@google.com: Report status notice: EventImportNotice: RecordExists
INFO 2012-01-19 14:26:29,190 UID dhobbagnmdu8vdu670rtv5htmo@google.com: Imported new event, id=19051
INFO 2012-01-19 14:26:29,190 UID dhobbagnmdu8vdu670rtv5htmo@google.com: Report status notice: EventImportNotice: RecordExists
INFO 2012-01-19 14:26:29,194 UID dj65p1996sqr2khs865ff79tf4@google.com: Imported new event, id=19052
INFO 2012-01-19 14:26:29,194 UID dj65p1996sqr2khs865ff79tf4@google.com: Report status notice: EventImportNotice: RecordExists
INFO 2012-01-19 14:26:29,198 UID fhp6upevaa49qnbcp0pdtm7oi0@google.com: Imported new event, id=19053
INFO 2012-01-19 14:26:29,198 UID fhp6upevaa49qnbcp0pdtm7oi0@google.com: Report status notice: EventImportNotice: RecordExists
INFO 2012-01-19 14:26:29,202 UID f1a7uqejj3qhs5esc66qu2ej7o@google.com: Imported new event, id=19054
INFO 2012-01-19 14:26:29,203 UID f1a7uqejj3qhs5esc66qu2ej7o@google.com: Report status notice: EventImportNotice: RecordExists
INFO 2012-01-19 14:26:29,206 UID 15o2hmunbvk2ilnk3s0egigeos@google.com: Imported new event, id=19055
INFO 2012-01-19 14:26:29,207 UID 15o2hmunbvk2ilnk3s0egigeos@google.com: Report status notice: EventImportNotice: RecordExists
INFO 2012-01-19 14:26:29,211 UID qenr8jot81fn64rgmdo3c2g1hk@google.com: Imported new event, id=19056
INFO 2012-01-19 14:26:29,212 UID qenr8jot81fn64rgmdo3c2g1hk@google.com: Report status notice: EventImportNotice: RecordExists
INFO 2012-01-19 14:26:29,218 UID pm5ebjia9spmcukoc9637m0bos@google.com: Imported new event, id=19057
INFO 2012-01-19 14:26:29,219 UID pm5ebjia9spmcukoc9637m0bos@google.com: Report status notice: EventImportNotice: RecordExists
INFO 2012-01-19 14:26:29,224 UID 95bn4plf9jlcibtomh7fsp9n9k@google.com: Imported new event, id=19058
INFO 2012-01-19 14:26:29,224 UID 95bn4plf9jlcibtomh7fsp9n9k@google.com: Report status notice: EventImportNotice: RecordExists
INFO 2012-01-19 14:26:29,227 UID 6ile4i3d7i2ua2f78t6f7s3rhs@google.com: Imported new event, id=19059
INFO 2012-01-19 14:26:29,228 UID 6ile4i3d7i2ua2f78t6f7s3rhs@google.com: Report status notice: EventImportNotice: RecordExists
INFO 2012-01-19 14:26:29,234 UID 83o5bfloq3bjifhst852i2q54s@google.com: Imported new event, id=19060
INFO 2012-01-19 14:26:29,234 UID 83o5bfloq3bjifhst852i2q54s@google.com: Report status notice: EventImportNotice: RecordExists
INFO 2012-01-19 14:26:29,238 UID ca4b8kn3u698vaab4lm6udhiv8@google.com: Imported new event, id=19061
INFO 2012-01-19 14:26:29,239 UID ca4b8kn3u698vaab4lm6udhiv8@google.com: Report status notice: EventImportNotice: RecordExists
INFO 2012-01-19 14:26:29,242 UID 3huv2ukp204sl9qd32skj1umhk@google.com: Imported new event, id=19062
INFO 2012-01-19 14:26:29,242 UID 3huv2ukp204sl9qd32skj1umhk@google.com: Report status notice: EventImportNotice: RecordExists
INFO 2012-01-19 14:26:29,246 UID h5vkjqpev3novu13ti2s2r4qts@google.com: Imported new event, id=19063
INFO 2012-01-19 14:26:29,246 UID h5vkjqpev3novu13ti2s2r4qts@google.com: Report status notice: EventImportNotice: RecordExists
INFO 2012-01-19 14:26:29,250 UID mf1h7va34jkl3744m8rp11a480@google.com: Imported new event, id=19064
INFO 2012-01-19 14:26:29,251 UID mf1h7va34jkl3744m8rp11a480@google.com: Report status notice: EventImportNotice: RecordExists
INFO 2012-01-19 14:26:29,254 UID no8v36huf726ac27j6a0ugu48g@google.com: Imported new event, id=19065
INFO 2012-01-19 14:26:29,254 UID no8v36huf726ac27j6a0ugu48g@google.com: Report status notice: EventImportNotice: RecordExists
INFO 2012-01-19 14:26:29,260 UID c9mpvjp1atuu1gg244p4if5nug@google.com: Imported new event, id=19066
INFO 2012-01-19 14:26:29,261 UID c9mpvjp1atuu1gg244p4if5nug@google.com: Report status notice: EventImportNotice: RecordExists
INFO 2012-01-19 14:26:29,267 UID 99ib51i1i9qttnv1uab6i4q138@google.com: Imported new event, id=19067
INFO 2012-01-19 14:26:29,267 UID 99ib51i1i9qttnv1uab6i4q138@google.com: Report status notice: EventImportNotice: RecordExists
INFO 2012-01-19 14:26:29,271 UID nphmtd48vrss00d7u6seolk0d8@google.com: Imported new event, id=19068
INFO 2012-01-19 14:26:29,271 UID nphmtd48vrss00d7u6seolk0d8@google.com: Report status notice: EventImportNotice: RecordExists
INFO 2012-01-19 14:26:29,275 UID 61hu8c78k23d3ui1cmuf14adk8@google.com: Imported new event, id=19069
INFO 2012-01-19 14:26:29,275 UID 61hu8c78k23d3ui1cmuf14adk8@google.com: Report status notice: EventImportNotice: RecordExists
INFO 2012-01-19 14:26:29,279 UID pkq92su7e2me6g1h59gfk0l7rg@google.com: Imported new event, id=19070
INFO 2012-01-19 14:26:29,279 UID pkq92su7e2me6g1h59gfk0l7rg@google.com: Report status notice: EventImportNotice: RecordExists
INFO 2012-01-19 14:26:29,284 UID 0b49enaa528qa10kjf49qheul0@google.com: Imported new event, id=19071
INFO 2012-01-19 14:26:29,285 UID 0b49enaa528qa10kjf49qheul0@google.com: Report status notice: EventImportNotice: RecordExists
INFO 2012-01-19 14:26:29,289 UID cv8hgcddhkf1urggmp3m1oto94@google.com: Imported new event, id=19072
INFO 2012-01-19 14:26:29,289 UID cv8hgcddhkf1urggmp3m1oto94@google.com: Report status notice: EventImportNotice: RecordExists
INFO 2012-01-19 14:26:29,293 UID 27ba63uqeg541r9ista07nvptk@google.com: Imported new event, id=19073
INFO 2012-01-19 14:26:29,293 UID 27ba63uqeg541r9ista07nvptk@google.com: Report status notice: EventImportNotice: RecordExists
INFO 2012-01-19 14:26:29,297 UID vgdr2u3schnrr39qg06q2b2e50@google.com: Imported new event, id=19074
INFO 2012-01-19 14:26:29,297 UID vgdr2u3schnrr39qg06q2b2e50@google.com: Report status notice: EventImportNotice: RecordExists
INFO 2012-01-19 14:26:29,301 UID mnqtvjvbld579ao2kvmpmq1qlk@google.com: Imported new event, id=19075
INFO 2012-01-19 14:26:29,301 UID mnqtvjvbld579ao2kvmpmq1qlk@google.com: Report status notice: EventImportNotice: RecordExists
INFO 2012-01-19 14:26:29,351 0 new Events imported from feed "Bike Pittsburgh"
INFO 2012-01-19 14:26:29,352 Processing new events from feed "CommuniTeach"
INFO 2012-01-19 14:26:29,696 0 new Events imported from feed "CommuniTeach"
INFO 2012-01-19 14:26:29,697 Processing new events from feed "Pittsburgh Comedy"
INFO 2012-01-19 14:26:30,751 UID 9u9b4rado0b3br0qgq02ssbhmg@google.com: Imported new event, id=19076
INFO 2012-01-19 14:26:30,751 UID 9u9b4rado0b3br0qgq02ssbhmg@google.com: Report status notice: EventImportNotice: RecordExists
INFO 2012-01-19 14:26:30,757 UID 0gvn9po0sel8ognlib7e6fiqro@google.com: Imported new event, id=19077
INFO 2012-01-19 14:26:30,757 UID 0gvn9po0sel8ognlib7e6fiqro@google.com: Report status notice: EventImportNotice: RecordExists
INFO 2012-01-19 14:26:30,761 UID 0qfs94fpkqq1d347l3fql16ok8@google.com: Imported new event, id=19078
INFO 2012-01-19 14:26:30,761 UID 0qfs94fpkqq1d347l3fql16ok8@google.com: Report status notice: EventImportNotice: RecordExists
INFO 2012-01-19 14:26:30,765 UID huq1bi1v3auue3crf3tcqd3imo@google.com: Imported new event, id=19079
INFO 2012-01-19 14:26:30,765 UID huq1bi1v3auue3crf3tcqd3imo@google.com: Report status notice: EventImportNotice: RecordExists
INFO 2012-01-19 14:26:30,770 UID cjsaa5j6fp8jqc40hqg5634a94@google.com: Imported new event, id=19080
INFO 2012-01-19 14:26:30,770 UID cjsaa5j6fp8jqc40hqg5634a94@google.com: Report status notice: EventImportNotice: RecordExists
INFO 2012-01-19 14:26:30,773 UID j5oh728vv16n0155qu7t4hjtos@google.com: Imported new event, id=19081
INFO 2012-01-19 14:26:30,774 UID j5oh728vv16n0155qu7t4hjtos@google.com: Report status notice: EventImportNotice: RecordExists
INFO 2012-01-19 14:26:30,777 UID 8ukit28id3h37ncifn714gb3o0@google.com: Imported new event, id=19082
INFO 2012-01-19 14:26:30,778 UID 8ukit28id3h37ncifn714gb3o0@google.com: Report status notice: EventImportNotice: RecordExists
INFO 2012-01-19 14:26:30,781 UID 6jabqaga8gj4r0c7ahjg52pfgk@google.com: Imported new event, id=19083
INFO 2012-01-19 14:26:30,782 UID 6jabqaga8gj4r0c7ahjg52pfgk@google.com: Report status notice: EventImportNotice: RecordExists
INFO 2012-01-19 14:26:30,788 UID d4cc92a209biuqd9vkna0j1dhs@google.com: Imported new event, id=19084
INFO 2012-01-19 14:26:30,788 UID d4cc92a209biuqd9vkna0j1dhs@google.com: Report status notice: EventImportNotice: RecordExists
INFO 2012-01-19 14:26:30,793 UID 20jtcfbhhunpe6ojg5gg7ntsno@google.com: Imported new event, id=19085
INFO 2012-01-19 14:26:30,793 UID 20jtcfbhhunpe6ojg5gg7ntsno@google.com: Report status notice: EventImportNotice: RecordExists
INFO 2012-01-19 14:26:30,798 UID vg1lqrdo1uq1cvu0djifsm688g@google.com: Imported new event, id=19086
INFO 2012-01-19 14:26:30,798 UID vg1lqrdo1uq1cvu0djifsm688g@google.com: Report status notice: EventImportNotice: RecordExists
INFO 2012-01-19 14:26:30,802 UID inud8cn7gbt1hgcmigcbooh1go@google.com: Imported new event, id=19087
INFO 2012-01-19 14:26:30,803 UID inud8cn7gbt1hgcmigcbooh1go@google.com: Report status notice: EventImportNotice: RecordExists
INFO 2012-01-19 14:26:30,807 UID t4t20st3udknod80gbl9ul72d4@google.com: Imported new event, id=19088
INFO 2012-01-19 14:26:30,807 UID t4t20st3udknod80gbl9ul72d4@google.com: Report status notice: EventImportNotice: RecordExists
INFO 2012-01-19 14:26:30,812 UID ts3579ett7rs52tggov0fb16rc@google.com: Imported new event, id=19089
INFO 2012-01-19 14:26:30,812 UID ts3579ett7rs52tggov0fb16rc@google.com: Report status notice: EventImportNotice: RecordExists
INFO 2012-01-19 14:26:30,815 UID rkkh56vcph3m0dbe2so1dbppkg@google.com: Imported new event, id=19090
INFO 2012-01-19 14:26:30,816 UID rkkh56vcph3m0dbe2so1dbppkg@google.com: Report status notice: EventImportNotice: RecordExists
INFO 2012-01-19 14:26:30,820 UID hbttbipfcsvqmengdrhjosnmmo@google.com: Imported new event, id=19091
INFO 2012-01-19 14:26:30,820 UID hbttbipfcsvqmengdrhjosnmmo@google.com: Report status notice: EventImportNotice: RecordExists
INFO 2012-01-19 14:26:30,824 UID 0ia6lhl27rb3bs8vdiamnnlkb8@google.com: Imported new event, id=19092
INFO 2012-01-19 14:26:30,824 UID 0ia6lhl27rb3bs8vdiamnnlkb8@google.com: Report status notice: EventImportNotice: RecordExists
INFO 2012-01-19 14:26:30,828 UID ig4rvp7k8eed8400uco3374pqg@google.com: Imported new event, id=19093
INFO 2012-01-19 14:26:30,828 UID ig4rvp7k8eed8400uco3374pqg@google.com: Report status notice: EventImportNotice: RecordExists
INFO 2012-01-19 14:26:30,836 UID i2ev0us01kupmq96ah2vu4hbcc@google.com: Imported new event, id=19094
INFO 2012-01-19 14:26:30,837 UID i2ev0us01kupmq96ah2vu4hbcc@google.com: Report status notice: EventImportNotice: RecordExists
INFO 2012-01-19 14:26:30,841 UID cl092f7nsdno1c09sh5ft76jak@google.com: Imported new event, id=19095
INFO 2012-01-19 14:26:30,841 UID cl092f7nsdno1c09sh5ft76jak@google.com: Report status notice: EventImportNotice: RecordExists
INFO 2012-01-19 14:26:30,845 UID nscccpcj4hf9ldb6s3k14g2qhg@google.com: Imported new event, id=19096
INFO 2012-01-19 14:26:30,846 UID nscccpcj4hf9ldb6s3k14g2qhg@google.com: Report status notice: EventImportNotice: RecordExists
INFO 2012-01-19 14:26:30,849 UID 9nm47b13h4d2ik8956jf1dut9o@google.com: Imported new event, id=19097
INFO 2012-01-19 14:26:30,849 UID 9nm47b13h4d2ik8956jf1dut9o@google.com: Report status notice: EventImportNotice: RecordExists
INFO 2012-01-19 14:26:30,855 UID fjpeiqo77q2telnt31jg9kb7gg@google.com: Imported new event, id=19098
INFO 2012-01-19 14:26:30,855 UID fjpeiqo77q2telnt31jg9kb7gg@google.com: Report status notice: EventImportNotice: RecordExists
INFO 2012-01-19 14:26:30,859 UID 7hc7jf7rjcfovg5am5up1ujc4s@google.com: Imported new event, id=19099
INFO 2012-01-19 14:26:30,859 UID 7hc7jf7rjcfovg5am5up1ujc4s@google.com: Report status notice: EventImportNotice: RecordExists
INFO 2012-01-19 14:26:30,863 UID q5faedqvja5gramq3tmudqcb1o@google.com: Imported new event, id=19100
INFO 2012-01-19 14:26:30,863 UID q5faedqvja5gramq3tmudqcb1o@google.com: Report status notice: EventImportNotice: RecordExists
INFO 2012-01-19 14:26:30,868 UID sjhk5u8gf7f223jgiv8l5pc9o4@google.com: Imported new event, id=19101
INFO 2012-01-19 14:26:30,868 UID sjhk5u8gf7f223jgiv8l5pc9o4@google.com: Report status notice: EventImportNotice: RecordExists
INFO 2012-01-19 14:26:30,875 0 new Events imported from feed "Pittsburgh Comedy"
INFO 2012-01-19 14:26:30,875 Processing new events from feed "Pittsburgh Penguins"
INFO 2012-01-19 14:26:31,339 UID CSVConvertaf88fda52d80e594637307949789f7a4: Imported new event, id=19102
INFO 2012-01-19 14:26:31,339 UID CSVConvertaf88fda52d80e594637307949789f7a4: Report status notice: EventImportNotice: RecordExists
INFO 2012-01-19 14:26:31,343 UID CSVConvert2821753056d39652040be04bd740203f: Imported new event, id=19103
INFO 2012-01-19 14:26:31,344 UID CSVConvert2821753056d39652040be04bd740203f: Report status notice: EventImportNotice: RecordExists
INFO 2012-01-19 14:26:31,347 UID CSVConvert39ee9f1ef77f27892eda59ab908f03b6: Imported new event, id=19104
INFO 2012-01-19 14:26:31,347 UID CSVConvert39ee9f1ef77f27892eda59ab908f03b6: Report status notice: EventImportNotice: RecordExists
INFO 2012-01-19 14:26:31,351 UID CSVConverta17b0f0b7bc7337036356331b3b5198d: Imported new event, id=19105
INFO 2012-01-19 14:26:31,351 UID CSVConverta17b0f0b7bc7337036356331b3b5198d: Report status notice: EventImportNotice: RecordExists
INFO 2012-01-19 14:26:31,355 UID CSVConvertd8c4f0261ba6d820e52dca2bde729300: Imported new event, id=19106
INFO 2012-01-19 14:26:31,355 UID CSVConvertd8c4f0261ba6d820e52dca2bde729300: Report status notice: EventImportNotice: RecordExists
INFO 2012-01-19 14:26:31,358 UID CSVConvertaeb5ddbdef622e5b6531edad25c52776: Imported new event, id=19107
INFO 2012-01-19 14:26:31,359 UID CSVConvertaeb5ddbdef622e5b6531edad25c52776: Report status notice: EventImportNotice: RecordExists
INFO 2012-01-19 14:26:31,362 UID CSVConvert68e156935b0df30ab4d93aa82efba675: Imported new event, id=19108
INFO 2012-01-19 14:26:31,363 UID CSVConvert68e156935b0df30ab4d93aa82efba675: Report status notice: EventImportNotice: RecordExists
INFO 2012-01-19 14:26:31,366 UID CSVConvert31ac3c5e9253642e7d6e9cbeefe1b377: Imported new event, id=19109
INFO 2012-01-19 14:26:31,366 UID CSVConvert31ac3c5e9253642e7d6e9cbeefe1b377: Report status notice: EventImportNotice: RecordExists
INFO 2012-01-19 14:26:31,370 UID CSVConvertd276540133027649e042feb2a56d8fa9: Imported new event, id=19110
INFO 2012-01-19 14:26:31,370 UID CSVConvertd276540133027649e042feb2a56d8fa9: Report status notice: EventImportNotice: RecordExists
INFO 2012-01-19 14:26:31,378 UID CSVConvert337b7ebcb172d377b8b3b588222b9e0b: Imported new event, id=19111
INFO 2012-01-19 14:26:31,379 UID CSVConvert337b7ebcb172d377b8b3b588222b9e0b: Report status notice: EventImportNotice: RecordExists
INFO 2012-01-19 14:26:31,383 UID CSVConvert8ac8c4112717de4ef041de22c03fd4ba: Imported new event, id=19112
INFO 2012-01-19 14:26:31,383 UID CSVConvert8ac8c4112717de4ef041de22c03fd4ba: Report status notice: EventImportNotice: RecordExists
INFO 2012-01-19 14:26:31,388 UID CSVConvertf49f32643a30a135e84ed14e71f08a5f: Imported new event, id=19113
INFO 2012-01-19 14:26:31,388 UID CSVConvertf49f32643a30a135e84ed14e71f08a5f: Report status notice: EventImportNotice: RecordExists
INFO 2012-01-19 14:26:31,393 UID CSVConvert8a9c7c9dc911e99857a754701aea5125: Imported new event, id=19114
INFO 2012-01-19 14:26:31,393 UID CSVConvert8a9c7c9dc911e99857a754701aea5125: Report status notice: EventImportNotice: RecordExists
INFO 2012-01-19 14:26:31,398 UID CSVConvert2e1503a5ca7be8d19d14830579ba6ca9: Imported new event, id=19115
INFO 2012-01-19 14:26:31,398 UID CSVConvert2e1503a5ca7be8d19d14830579ba6ca9: Report status notice: EventImportNotice: RecordExists
INFO 2012-01-19 14:26:31,401 UID CSVConvert51f5b6225bb641f044ff064e0297d72b: Imported new event, id=19116
INFO 2012-01-19 14:26:31,401 UID CSVConvert51f5b6225bb641f044ff064e0297d72b: Report status notice: EventImportNotice: RecordExists
INFO 2012-01-19 14:26:31,405 UID CSVConvert83fd82bc0040e89a27603029592fcbb2: Imported new event, id=19117
INFO 2012-01-19 14:26:31,405 UID CSVConvert83fd82bc0040e89a27603029592fcbb2: Report status notice: EventImportNotice: RecordExists
INFO 2012-01-19 14:26:31,409 UID CSVConvertfc31a9d5ba19c1e7ef1da109dcdf3b8e: Imported new event, id=19118
INFO 2012-01-19 14:26:31,409 UID CSVConvertfc31a9d5ba19c1e7ef1da109dcdf3b8e: Report status notice: EventImportNotice: RecordExists
INFO 2012-01-19 14:26:31,413 UID CSVConvertd4611d6659e96b914101538c4aba0651: Imported new event, id=19119
INFO 2012-01-19 14:26:31,413 UID CSVConvertd4611d6659e96b914101538c4aba0651: Report status notice: EventImportNotice: RecordExists
INFO 2012-01-19 14:26:31,417 UID CSVConverte8ce9d7731b2611247ee853abe85a199: Imported new event, id=19120
INFO 2012-01-19 14:26:31,417 UID CSVConverte8ce9d7731b2611247ee853abe85a199: Report status notice: EventImportNotice: RecordExists
INFO 2012-01-19 14:26:31,423 UID CSVConvert5294c33db5a14cccb1a72b5b3b0078a2: Imported new event, id=19121
INFO 2012-01-19 14:26:31,424 UID CSVConvert5294c33db5a14cccb1a72b5b3b0078a2: Report status notice: EventImportNotice: RecordExists
INFO 2012-01-19 14:26:31,428 UID CSVConvertc57cd590ea193fe0506fa1baab4ecee7: Imported new event, id=19122
INFO 2012-01-19 14:26:31,428 UID CSVConvertc57cd590ea193fe0506fa1baab4ecee7: Report status notice: EventImportNotice: RecordExists
INFO 2012-01-19 14:26:31,433 UID CSVConvert82aaad3cbdb6c1b383977dfa78a2d205: Imported new event, id=19123
INFO 2012-01-19 14:26:31,433 UID CSVConvert82aaad3cbdb6c1b383977dfa78a2d205: Report status notice: EventImportNotice: RecordExists
INFO 2012-01-19 14:26:31,437 UID CSVConvert9abb49e4d2a31c4439f11f96b3f15879: Imported new event, id=19124
INFO 2012-01-19 14:26:31,437 UID CSVConvert9abb49e4d2a31c4439f11f96b3f15879: Report status notice: EventImportNotice: RecordExists
INFO 2012-01-19 14:26:31,441 UID CSVConvert06cc214e4942f05b9a52de994f5914ce: Imported new event, id=19125
INFO 2012-01-19 14:26:31,441 UID CSVConvert06cc214e4942f05b9a52de994f5914ce: Report status notice: EventImportNotice: RecordExists
INFO 2012-01-19 14:26:31,442 0 new Events imported from feed "Pittsburgh Penguins"
INFO 2012-01-19 14:26:31,442 Processing new events from feed "Pittsburgh Pirates"
INFO 2012-01-19 14:26:32,056 UID 332119@mlb.com: Imported new event, id=19126
INFO 2012-01-19 14:26:32,056 UID 332119@mlb.com: Report status notice: EventImportNotice: RecordExists
INFO 2012-01-19 14:26:32,061 UID 332143@mlb.com: Imported new event, id=19127
INFO 2012-01-19 14:26:32,061 UID 332143@mlb.com: Report status notice: EventImportNotice: RecordExists
INFO 2012-01-19 14:26:32,065 UID 332167@mlb.com: Imported new event, id=19128
INFO 2012-01-19 14:26:32,065 UID 332167@mlb.com: Report status notice: EventImportNotice: RecordExists
INFO 2012-01-19 14:26:32,069 UID 332208@mlb.com: Imported new event, id=19129
INFO 2012-01-19 14:26:32,069 UID 332208@mlb.com: Report status notice: EventImportNotice: RecordExists
INFO 2012-01-19 14:26:32,073 UID 332247@mlb.com: Imported new event, id=19130
INFO 2012-01-19 14:26:32,073 UID 332247@mlb.com: Report status notice: EventImportNotice: RecordExists
INFO 2012-01-19 14:26:32,078 UID 332309@mlb.com: Imported new event, id=19131
INFO 2012-01-19 14:26:32,078 UID 332309@mlb.com: Report status notice: EventImportNotice: RecordExists
INFO 2012-01-19 14:26:32,082 UID 332331@mlb.com: Imported new event, id=19132
INFO 2012-01-19 14:26:32,082 UID 332331@mlb.com: Report status notice: EventImportNotice: RecordExists
INFO 2012-01-19 14:26:32,086 UID 332377@mlb.com: Imported new event, id=19133
INFO 2012-01-19 14:26:32,087 UID 332377@mlb.com: Report status notice: EventImportNotice: RecordExists
INFO 2012-01-19 14:26:32,095 UID 332397@mlb.com: Imported new event, id=19134
INFO 2012-01-19 14:26:32,096 UID 332397@mlb.com: Report status notice: EventImportNotice: RecordExists
INFO 2012-01-19 14:26:32,100 UID 332406@mlb.com: Imported new event, id=19135
INFO 2012-01-19 14:26:32,101 UID 332406@mlb.com: Report status notice: EventImportNotice: RecordExists
INFO 2012-01-19 14:26:32,105 UID 332422@mlb.com: Imported new event, id=19136
INFO 2012-01-19 14:26:32,105 UID 332422@mlb.com: Report status notice: EventImportNotice: RecordExists
INFO 2012-01-19 14:26:32,111 UID 332447@mlb.com: Imported new event, id=19137
INFO 2012-01-19 14:26:32,111 UID 332447@mlb.com: Report status notice: EventImportNotice: RecordExists
INFO 2012-01-19 14:26:32,116 UID 332497@mlb.com: Imported new event, id=19138
INFO 2012-01-19 14:26:32,116 UID 332497@mlb.com: Report status notice: EventImportNotice: RecordExists
INFO 2012-01-19 14:26:32,120 UID 332517@mlb.com: Imported new event, id=19139
INFO 2012-01-19 14:26:32,120 UID 332517@mlb.com: Report status notice: EventImportNotice: RecordExists
INFO 2012-01-19 14:26:32,124 UID 332521@mlb.com: Imported new event, id=19140
INFO 2012-01-19 14:26:32,125 UID 332521@mlb.com: Report status notice: EventImportNotice: RecordExists
INFO 2012-01-19 14:26:32,129 UID 317746@mlb.com: Imported new event, id=19141
INFO 2012-01-19 14:26:32,129 UID 317746@mlb.com: Report status notice: EventImportNotice: RecordExists
INFO 2012-01-19 14:26:32,133 UID 317759@mlb.com: Imported new event, id=19142
INFO 2012-01-19 14:26:32,134 UID 317759@mlb.com: Report status notice: EventImportNotice: RecordExists
INFO 2012-01-19 14:26:32,140 UID 317774@mlb.com: Imported new event, id=19143
INFO 2012-01-19 14:26:32,141 UID 317774@mlb.com: Report status notice: EventImportNotice: RecordExists
INFO 2012-01-19 14:26:32,148 UID 317937@mlb.com: Imported new event, id=19144
INFO 2012-01-19 14:26:32,148 UID 317937@mlb.com: Report status notice: EventImportNotice: RecordExists
INFO 2012-01-19 14:26:32,152 UID 317952@mlb.com: Imported new event, id=19145
INFO 2012-01-19 14:26:32,152 UID 317952@mlb.com: Report status notice: EventImportNotice: RecordExists
INFO 2012-01-19 14:26:32,156 UID 317967@mlb.com: Imported new event, id=19146
INFO 2012-01-19 14:26:32,157 UID 317967@mlb.com: Report status notice: EventImportNotice: RecordExists
INFO 2012-01-19 14:26:32,162 UID 317973@mlb.com: Imported new event, id=19147
INFO 2012-01-19 14:26:32,162 UID 317973@mlb.com: Report status notice: EventImportNotice: RecordExists
INFO 2012-01-19 14:26:32,167 UID 317984@mlb.com: Imported new event, id=19148
INFO 2012-01-19 14:26:32,167 UID 317984@mlb.com: Report status notice: EventImportNotice: RecordExists
INFO 2012-01-19 14:26:32,171 UID 317999@mlb.com: Imported new event, id=19149
INFO 2012-01-19 14:26:32,171 UID 317999@mlb.com: Report status notice: EventImportNotice: RecordExists
INFO 2012-01-19 14:26:32,175 UID 318118@mlb.com: Imported new event, id=19150
INFO 2012-01-19 14:26:32,175 UID 318118@mlb.com: Report status notice: EventImportNotice: RecordExists
INFO 2012-01-19 14:26:32,180 UID 318133@mlb.com: Imported new event, id=19151
INFO 2012-01-19 14:26:32,180 UID 318133@mlb.com: Report status notice: EventImportNotice: RecordExists
INFO 2012-01-19 14:26:32,186 UID 318148@mlb.com: Imported new event, id=19152
INFO 2012-01-19 14:26:32,186 UID 318148@mlb.com: Report status notice: EventImportNotice: RecordExists
INFO 2012-01-19 14:26:32,191 UID 318185@mlb.com: Imported new event, id=19153
INFO 2012-01-19 14:26:32,192 UID 318185@mlb.com: Report status notice: EventImportNotice: RecordExists
INFO 2012-01-19 14:26:32,197 UID 318200@mlb.com: Imported new event, id=19154
INFO 2012-01-19 14:26:32,197 UID 318200@mlb.com: Report status notice: EventImportNotice: RecordExists
INFO 2012-01-19 14:26:32,201 UID 318206@mlb.com: Imported new event, id=19155
INFO 2012-01-19 14:26:32,201 UID 318206@mlb.com: Report status notice: EventImportNotice: RecordExists
INFO 2012-01-19 14:26:32,205 UID 318213@mlb.com: Imported new event, id=19156
INFO 2012-01-19 14:26:32,206 UID 318213@mlb.com: Report status notice: EventImportNotice: RecordExists
INFO 2012-01-19 14:26:32,211 UID 318228@mlb.com: Imported new event, id=19157
INFO 2012-01-19 14:26:32,211 UID 318228@mlb.com: Report status notice: EventImportNotice: RecordExists
INFO 2012-01-19 14:26:32,216 UID 318243@mlb.com: Imported new event, id=19158
INFO 2012-01-19 14:26:32,216 UID 318243@mlb.com: Report status notice: EventImportNotice: RecordExists
INFO 2012-01-19 14:26:32,221 UID 318364@mlb.com: Imported new event, id=19159
INFO 2012-01-19 14:26:32,221 UID 318364@mlb.com: Report status notice: EventImportNotice: RecordExists
INFO 2012-01-19 14:26:32,225 UID 318379@mlb.com: Imported new event, id=19160
INFO 2012-01-19 14:26:32,225 UID 318379@mlb.com: Report status notice: EventImportNotice: RecordExists
INFO 2012-01-19 14:26:32,230 UID 318394@mlb.com: Imported new event, id=19161
INFO 2012-01-19 14:26:32,231 UID 318394@mlb.com: Report status notice: EventImportNotice: RecordExists
INFO 2012-01-19 14:26:32,238 UID 318408@mlb.com: Imported new event, id=19162
INFO 2012-01-19 14:26:32,238 UID 318408@mlb.com: Report status notice: EventImportNotice: RecordExists
INFO 2012-01-19 14:26:32,243 UID 318423@mlb.com: Imported new event, id=19163
INFO 2012-01-19 14:26:32,243 UID 318423@mlb.com: Report status notice: EventImportNotice: RecordExists
INFO 2012-01-19 14:26:32,249 UID 318438@mlb.com: Imported new event, id=19164
INFO 2012-01-19 14:26:32,249 UID 318438@mlb.com: Report status notice: EventImportNotice: RecordExists
INFO 2012-01-19 14:26:32,253 UID 318455@mlb.com: Imported new event, id=19165
INFO 2012-01-19 14:26:32,253 UID 318455@mlb.com: Report status notice: EventImportNotice: RecordExists
INFO 2012-01-19 14:26:32,257 UID 318470@mlb.com: Imported new event, id=19166
INFO 2012-01-19 14:26:32,257 UID 318470@mlb.com: Report status notice: EventImportNotice: RecordExists
INFO 2012-01-19 14:26:32,261 UID 318485@mlb.com: Imported new event, id=19167
INFO 2012-01-19 14:26:32,262 UID 318485@mlb.com: Report status notice: EventImportNotice: RecordExists
INFO 2012-01-19 14:26:32,266 UID 318598@mlb.com: Imported new event, id=19168
INFO 2012-01-19 14:26:32,266 UID 318598@mlb.com: Report status notice: EventImportNotice: RecordExists
INFO 2012-01-19 14:26:32,271 UID 318613@mlb.com: Imported new event, id=19169
INFO 2012-01-19 14:26:32,271 UID 318613@mlb.com: Report status notice: EventImportNotice: RecordExists
INFO 2012-01-19 14:26:32,279 UID 318628@mlb.com: Imported new event, id=19170
INFO 2012-01-19 14:26:32,280 UID 318628@mlb.com: Report status notice: EventImportNotice: RecordExists
INFO 2012-01-19 14:26:32,284 UID 318745@mlb.com: Imported new event, id=19171
INFO 2012-01-19 14:26:32,285 UID 318745@mlb.com: Report status notice: EventImportNotice: RecordExists
INFO 2012-01-19 14:26:32,289 UID 318760@mlb.com: Imported new event, id=19172
INFO 2012-01-19 14:26:32,289 UID 318760@mlb.com: Report status notice: EventImportNotice: RecordExists
INFO 2012-01-19 14:26:32,293 UID 318770@mlb.com: Imported new event, id=19173
INFO 2012-01-19 14:26:32,293 UID 318770@mlb.com: Report status notice: EventImportNotice: RecordExists
INFO 2012-01-19 14:26:32,297 UID 318777@mlb.com: Imported new event, id=19174
INFO 2012-01-19 14:26:32,298 UID 318777@mlb.com: Report status notice: EventImportNotice: RecordExists
INFO 2012-01-19 14:26:32,301 UID 318792@mlb.com: Imported new event, id=19175
INFO 2012-01-19 14:26:32,302 UID 318792@mlb.com: Report status notice: EventImportNotice: RecordExists
INFO 2012-01-19 14:26:32,305 UID 318807@mlb.com: Imported new event, id=19176
INFO 2012-01-19 14:26:32,306 UID 318807@mlb.com: Report status notice: EventImportNotice: RecordExists
INFO 2012-01-19 14:26:32,309 UID 318924@mlb.com: Imported new event, id=19177
INFO 2012-01-19 14:26:32,309 UID 318924@mlb.com: Report status notice: EventImportNotice: RecordExists
INFO 2012-01-19 14:26:32,329 UID 318936@mlb.com: Imported new event, id=19178
INFO 2012-01-19 14:26:32,329 UID 318936@mlb.com: Report status notice: EventImportNotice: RecordExists
INFO 2012-01-19 14:26:32,334 UID 318951@mlb.com: Imported new event, id=19179
INFO 2012-01-19 14:26:32,335 UID 318951@mlb.com: Report status notice: EventImportNotice: RecordExists
INFO 2012-01-19 14:26:32,339 UID 318964@mlb.com: Imported new event, id=19180
INFO 2012-01-19 14:26:32,339 UID 318964@mlb.com: Report status notice: EventImportNotice: RecordExists
INFO 2012-01-19 14:26:32,343 UID 318985@mlb.com: Imported new event, id=19181
INFO 2012-01-19 14:26:32,343 UID 318985@mlb.com: Report status notice: EventImportNotice: RecordExists
INFO 2012-01-19 14:26:32,347 UID 319000@mlb.com: Imported new event, id=19182
INFO 2012-01-19 14:26:32,348 UID 319000@mlb.com: Report status notice: EventImportNotice: RecordExists
INFO 2012-01-19 14:26:32,352 UID 319015@mlb.com: Imported new event, id=19183
INFO 2012-01-19 14:26:32,352 UID 319015@mlb.com: Report status notice: EventImportNotice: RecordExists
INFO 2012-01-19 14:26:32,356 UID 319018@mlb.com: Imported new event, id=19184
INFO 2012-01-19 14:26:32,356 UID 319018@mlb.com: Report status notice: EventImportNotice: RecordExists
INFO 2012-01-19 14:26:32,364 UID 319123@mlb.com: Imported new event, id=19185
INFO 2012-01-19 14:26:32,364 UID 319123@mlb.com: Report status notice: EventImportNotice: RecordExists
INFO 2012-01-19 14:26:32,370 UID 319138@mlb.com: Imported new event, id=19186
INFO 2012-01-19 14:26:32,370 UID 319138@mlb.com: Report status notice: EventImportNotice: RecordExists
INFO 2012-01-19 14:26:32,374 UID 319153@mlb.com: Imported new event, id=19187
INFO 2012-01-19 14:26:32,374 UID 319153@mlb.com: Report status notice: EventImportNotice: RecordExists
INFO 2012-01-19 14:26:32,379 UID 319166@mlb.com: Imported new event, id=19188
INFO 2012-01-19 14:26:32,380 UID 319166@mlb.com: Report status notice: EventImportNotice: RecordExists
INFO 2012-01-19 14:26:32,384 UID 319178@mlb.com: Imported new event, id=19189
INFO 2012-01-19 14:26:32,385 UID 319178@mlb.com: Report status notice: EventImportNotice: RecordExists
INFO 2012-01-19 14:26:32,389 UID 319193@mlb.com: Imported new event, id=19190
INFO 2012-01-19 14:26:32,389 UID 319193@mlb.com: Report status notice: EventImportNotice: RecordExists
INFO 2012-01-19 14:26:32,393 UID 319356@mlb.com: Imported new event, id=19191
INFO 2012-01-19 14:26:32,393 UID 319356@mlb.com: Report status notice: EventImportNotice: RecordExists
INFO 2012-01-19 14:26:32,397 UID 319369@mlb.com: Imported new event, id=19192
INFO 2012-01-19 14:26:32,398 UID 319369@mlb.com: Report status notice: EventImportNotice: RecordExists
INFO 2012-01-19 14:26:32,404 UID 319384@mlb.com: Imported new event, id=19193
INFO 2012-01-19 14:26:32,404 UID 319384@mlb.com: Report status notice: EventImportNotice: RecordExists
INFO 2012-01-19 14:26:32,409 UID 319398@mlb.com: Imported new event, id=19194
INFO 2012-01-19 14:26:32,409 UID 319398@mlb.com: Report status notice: EventImportNotice: RecordExists
INFO 2012-01-19 14:26:32,416 UID 319417@mlb.com: Imported new event, id=19195
INFO 2012-01-19 14:26:32,416 UID 319417@mlb.com: Report status notice: EventImportNotice: RecordExists
INFO 2012-01-19 14:26:32,421 UID 319432@mlb.com: Imported new event, id=19196
INFO 2012-01-19 14:26:32,421 UID 319432@mlb.com: Report status notice: EventImportNotice: RecordExists
INFO 2012-01-19 14:26:32,425 UID 319447@mlb.com: Imported new event, id=19197
INFO 2012-01-19 14:26:32,425 UID 319447@mlb.com: Report status notice: EventImportNotice: RecordExists
INFO 2012-01-19 14:26:32,430 UID 319456@mlb.com: Imported new event, id=19198
INFO 2012-01-19 14:26:32,430 UID 319456@mlb.com: Report status notice: EventImportNotice: RecordExists
INFO 2012-01-19 14:26:32,435 UID 319469@mlb.com: Imported new event, id=19199
INFO 2012-01-19 14:26:32,435 UID 319469@mlb.com: Report status notice: EventImportNotice: RecordExists
INFO 2012-01-19 14:26:32,439 UID 319484@mlb.com: Imported new event, id=19200
INFO 2012-01-19 14:26:32,439 UID 319484@mlb.com: Report status notice: EventImportNotice: RecordExists
INFO 2012-01-19 14:26:32,443 UID 319497@mlb.com: Imported new event, id=19201
INFO 2012-01-19 14:26:32,443 UID 319497@mlb.com: Report status notice: EventImportNotice: RecordExists
INFO 2012-01-19 14:26:32,451 UID 319605@mlb.com: Imported new event, id=19202
INFO 2012-01-19 14:26:32,451 UID 319605@mlb.com: Report status notice: EventImportNotice: RecordExists
INFO 2012-01-19 14:26:32,456 UID 319620@mlb.com: Imported new event, id=19203
INFO 2012-01-19 14:26:32,457 UID 319620@mlb.com: Report status notice: EventImportNotice: RecordExists
INFO 2012-01-19 14:26:32,462 UID 319635@mlb.com: Imported new event, id=19204
INFO 2012-01-19 14:26:32,462 UID 319635@mlb.com: Report status notice: EventImportNotice: RecordExists
INFO 2012-01-19 14:26:32,467 UID 319652@mlb.com: Imported new event, id=19205
INFO 2012-01-19 14:26:32,467 UID 319652@mlb.com: Report status notice: EventImportNotice: RecordExists
INFO 2012-01-19 14:26:32,472 UID 319666@mlb.com: Imported new event, id=19206
INFO 2012-01-19 14:26:32,472 UID 319666@mlb.com: Report status notice: EventImportNotice: RecordExists
INFO 2012-01-19 14:26:32,476 UID 319681@mlb.com: Imported new event, id=19207
INFO 2012-01-19 14:26:32,476 UID 319681@mlb.com: Report status notice: EventImportNotice: RecordExists
INFO 2012-01-19 14:26:32,481 UID 319748@mlb.com: Imported new event, id=19208
INFO 2012-01-19 14:26:32,481 UID 319748@mlb.com: Report status notice: EventImportNotice: RecordExists
INFO 2012-01-19 14:26:32,485 UID 319763@mlb.com: Imported new event, id=19209
INFO 2012-01-19 14:26:32,485 UID 319763@mlb.com: Report status notice: EventImportNotice: RecordExists
INFO 2012-01-19 14:26:32,489 UID 319778@mlb.com: Imported new event, id=19210
INFO 2012-01-19 14:26:32,489 UID 319778@mlb.com: Report status notice: EventImportNotice: RecordExists
INFO 2012-01-19 14:26:32,498 UID 319793@mlb.com: Imported new event, id=19211
INFO 2012-01-19 14:26:32,499 UID 319793@mlb.com: Report status notice: EventImportNotice: RecordExists
INFO 2012-01-19 14:26:32,504 UID 319808@mlb.com: Imported new event, id=19212
INFO 2012-01-19 14:26:32,504 UID 319808@mlb.com: Report status notice: EventImportNotice: RecordExists
INFO 2012-01-19 14:26:32,509 UID 319823@mlb.com: Imported new event, id=19213
INFO 2012-01-19 14:26:32,509 UID 319823@mlb.com: Report status notice: EventImportNotice: RecordExists
INFO 2012-01-19 14:26:32,514 UID 319945@mlb.com: Imported new event, id=19214
INFO 2012-01-19 14:26:32,514 UID 319945@mlb.com: Report status notice: EventImportNotice: RecordExists
INFO 2012-01-19 14:26:32,519 UID 319960@mlb.com: Imported new event, id=19215
INFO 2012-01-19 14:26:32,519 UID 319960@mlb.com: Report status notice: EventImportNotice: RecordExists
INFO 2012-01-19 14:26:32,523 UID 319973@mlb.com: Imported new event, id=19216
INFO 2012-01-19 14:26:32,524 UID 319973@mlb.com: Report status notice: EventImportNotice: RecordExists
INFO 2012-01-19 14:26:32,528 UID 320077@mlb.com: Imported new event, id=19217
INFO 2012-01-19 14:26:32,528 UID 320077@mlb.com: Report status notice: EventImportNotice: RecordExists
INFO 2012-01-19 14:26:32,532 UID 320092@mlb.com: Imported new event, id=19218
INFO 2012-01-19 14:26:32,532 UID 320092@mlb.com: Report status notice: EventImportNotice: RecordExists
INFO 2012-01-19 14:26:32,536 UID 320107@mlb.com: Imported new event, id=19219
INFO 2012-01-19 14:26:32,536 UID 320107@mlb.com: Report status notice: EventImportNotice: RecordExists
INFO 2012-01-19 14:26:32,555 UID 320120@mlb.com: Imported new event, id=19220
INFO 2012-01-19 14:26:32,555 UID 320120@mlb.com: Report status notice: EventImportNotice: RecordExists
INFO 2012-01-19 14:26:32,560 UID 320135@mlb.com: Imported new event, id=19221
INFO 2012-01-19 14:26:32,560 UID 320135@mlb.com: Report status notice: EventImportNotice: RecordExists
INFO 2012-01-19 14:26:32,565 UID 320150@mlb.com: Imported new event, id=19222
INFO 2012-01-19 14:26:32,565 UID 320150@mlb.com: Report status notice: EventImportNotice: RecordExists
INFO 2012-01-19 14:26:32,567 0 new Events imported from feed "Pittsburgh Pirates"
INFO 2012-01-19 14:26:32,567 Processing new events from feed "Pittsburgh Steelers"
INFO 2012-01-19 14:26:33,499 UID Pittsburgh Steelers Calendar (NFL)20120108007@sports.yahoo.com: Imported new event, id=19223
INFO 2012-01-19 14:26:33,499 UID Pittsburgh Steelers Calendar (NFL)20120108007@sports.yahoo.com: Report status notice: EventImportNotice: RecordExists
INFO 2012-01-19 14:26:33,503 UID Pittsburgh Steelers Calendar (NFL)20120101005@sports.yahoo.com: Imported new event, id=19224
INFO 2012-01-19 14:26:33,503 UID Pittsburgh Steelers Calendar (NFL)20120101005@sports.yahoo.com: Report status notice: EventImportNotice: RecordExists
INFO 2012-01-19 14:26:33,503 0 new Events imported from feed "Pittsburgh Steelers"
INFO 2012-01-19 14:26:33,504 Processing new events from feed "Steel City Improv"
INFO 2012-01-19 14:26:34,346 UID 6hd712qpr81pildaqft74ari6k@google.com: Imported new event, id=19225
INFO 2012-01-19 14:26:34,347 UID 6hd712qpr81pildaqft74ari6k@google.com: Report status notice: EventImportNotice: RecordExists
INFO 2012-01-19 14:26:34,351 UID 4i9akocc4vdhhahihvieu8iono@google.com: Imported new event, id=19226
INFO 2012-01-19 14:26:34,351 UID 4i9akocc4vdhhahihvieu8iono@google.com: Report status notice: EventImportNotice: RecordExists
INFO 2012-01-19 14:26:34,355 UID revekfbi73ctf3c2h4ltcjam3o@google.com: Imported new event, id=19227
INFO 2012-01-19 14:26:34,355 UID revekfbi73ctf3c2h4ltcjam3o@google.com: Report status notice: EventImportNotice: RecordExists
INFO 2012-01-19 14:26:34,359 UID j022th7j06pe5rd1vth33j3shk@google.com: Imported new event, id=19228
INFO 2012-01-19 14:26:34,359 UID j022th7j06pe5rd1vth33j3shk@google.com: Report status notice: EventImportNotice: RecordExists
INFO 2012-01-19 14:26:34,362 UID kep3448tnl75cinuuo1rp4a7j8@google.com: Imported new event, id=19229
INFO 2012-01-19 14:26:34,363 UID kep3448tnl75cinuuo1rp4a7j8@google.com: Report status notice: EventImportNotice: RecordExists
INFO 2012-01-19 14:26:34,367 UID 3lqg4a5l6do850rm1fqldmvj3o@google.com: Imported new event, id=19230
INFO 2012-01-19 14:26:34,367 UID 3lqg4a5l6do850rm1fqldmvj3o@google.com: Report status notice: EventImportNotice: RecordExists
INFO 2012-01-19 14:26:34,371 UID 1rie3tnoelsbaqehvdscaa2u9g@google.com: Imported new event, id=19231
INFO 2012-01-19 14:26:34,371 UID 1rie3tnoelsbaqehvdscaa2u9g@google.com: Report status notice: EventImportNotice: RecordExists
INFO 2012-01-19 14:26:34,374 UID 84fapt91oebfj7sb917vckf790@google.com: Imported new event, id=19232
INFO 2012-01-19 14:26:34,375 UID 84fapt91oebfj7sb917vckf790@google.com: Report status notice: EventImportNotice: RecordExists
INFO 2012-01-19 14:26:34,378 UID 6hkccake51tfq237etldnlrs5c@google.com: Imported new event, id=19233
INFO 2012-01-19 14:26:34,378 UID 6hkccake51tfq237etldnlrs5c@google.com: Report status notice: EventImportNotice: RecordExists
INFO 2012-01-19 14:26:34,383 UID rcerm5dm97sbh3j6e2rq7tf5vk@google.com: Imported new event, id=19234
INFO 2012-01-19 14:26:34,384 UID rcerm5dm97sbh3j6e2rq7tf5vk@google.com: Report status notice: EventImportNotice: RecordExists
INFO 2012-01-19 14:26:34,388 UID kffv1pv33e7577p6t64b9dird8@google.com: Imported new event, id=19235
INFO 2012-01-19 14:26:34,388 UID kffv1pv33e7577p6t64b9dird8@google.com: Report status notice: EventImportNotice: RecordExists
INFO 2012-01-19 14:26:34,393 UID 2ir7jpaj10d40ti1r7dqs0jts8@google.com: Imported new event, id=19236
INFO 2012-01-19 14:26:34,394 UID 2ir7jpaj10d40ti1r7dqs0jts8@google.com: Report status notice: EventImportNotice: RecordExists
INFO 2012-01-19 14:26:34,399 UID ooi6mja9gfp49sol21792o1g14@google.com: Imported new event, id=19237
INFO 2012-01-19 14:26:34,399 UID ooi6mja9gfp49sol21792o1g14@google.com: Report status notice: EventImportNotice: RecordExists
INFO 2012-01-19 14:26:34,403 UID sqs0p7u3obmpd3v1svmkfsu4uc@google.com: Imported new event, id=19238
INFO 2012-01-19 14:26:34,403 UID sqs0p7u3obmpd3v1svmkfsu4uc@google.com: Report status notice: EventImportNotice: RecordExists
INFO 2012-01-19 14:26:34,408 UID 1r7bf3jckldc2opqb3fhfj9gp8@google.com: Imported new event, id=19239
INFO 2012-01-19 14:26:34,408 UID 1r7bf3jckldc2opqb3fhfj9gp8@google.com: Report status notice: EventImportNotice: RecordExists
INFO 2012-01-19 14:26:34,412 UID nf19gsji0vepc53ni86bi71ruc@google.com: Imported new event, id=19240
INFO 2012-01-19 14:26:34,412 UID nf19gsji0vepc53ni86bi71ruc@google.com: Report status notice: EventImportNotice: RecordExists
INFO 2012-01-19 14:26:34,416 UID hvns1jcia9199qank5erocneqg@google.com: Imported new event, id=19241
INFO 2012-01-19 14:26:34,416 UID hvns1jcia9199qank5erocneqg@google.com: Report status notice: EventImportNotice: RecordExists
INFO 2012-01-19 14:26:34,420 UID 84ms9d0mdcjajp46r027b55sr0@google.com: Imported new event, id=19242
INFO 2012-01-19 14:26:34,420 UID 84ms9d0mdcjajp46r027b55sr0@google.com: Report status notice: EventImportNotice: RecordExists
INFO 2012-01-19 14:26:34,424 UID r3s5mofsg6u1tca2ccfnn6n3d0@google.com: Imported new event, id=19243
INFO 2012-01-19 14:26:34,424 UID r3s5mofsg6u1tca2ccfnn6n3d0@google.com: Report status notice: EventImportNotice: RecordExists
INFO 2012-01-19 14:26:34,430 UID ra4q6fo66hgrqqasci230drea4@google.com: Imported new event, id=19244
INFO 2012-01-19 14:26:34,433 UID ra4q6fo66hgrqqasci230drea4@google.com: Report status notice: EventImportNotice: RecordExists
INFO 2012-01-19 14:26:34,437 UID hs4mtktb5ecu98d5lq7q91k1nk@google.com: Imported new event, id=19245
INFO 2012-01-19 14:26:34,437 UID hs4mtktb5ecu98d5lq7q91k1nk@google.com: Report status notice: EventImportNotice: RecordExists
INFO 2012-01-19 14:26:34,442 UID o0u4etm886oiq0gkbni9n5tf8s@google.com: Imported new event, id=19246
INFO 2012-01-19 14:26:34,442 UID o0u4etm886oiq0gkbni9n5tf8s@google.com: Report status notice: EventImportNotice: RecordExists
INFO 2012-01-19 14:26:34,446 UID 7r54psm047i9hseg7s7bldech0@google.com: Imported new event, id=19247
INFO 2012-01-19 14:26:34,446 UID 7r54psm047i9hseg7s7bldech0@google.com: Report status notice: EventImportNotice: RecordExists
INFO 2012-01-19 14:26:34,450 UID q1j54lin9fb9p3rsl6vj2mcmpo@google.com: Imported new event, id=19248
INFO 2012-01-19 14:26:34,451 UID q1j54lin9fb9p3rsl6vj2mcmpo@google.com: Report status notice: EventImportNotice: RecordExists
INFO 2012-01-19 14:26:34,455 UID 6jvdthpl61pe8qdshsrlk60evk@google.com: Imported new event, id=19249
INFO 2012-01-19 14:26:34,455 UID 6jvdthpl61pe8qdshsrlk60evk@google.com: Report status notice: EventImportNotice: RecordExists
INFO 2012-01-19 14:26:34,459 UID 8nm8qs3h7ptshbvicb11pllc7o@google.com: Imported new event, id=19250
INFO 2012-01-19 14:26:34,459 UID 8nm8qs3h7ptshbvicb11pllc7o@google.com: Report status notice: EventImportNotice: RecordExists
INFO 2012-01-19 14:26:34,463 UID 5vrvpbbv0l9nuqn2fcu20t7d2c@google.com: Imported new event, id=19251
INFO 2012-01-19 14:26:34,463 UID 5vrvpbbv0l9nuqn2fcu20t7d2c@google.com: Report status notice: EventImportNotice: RecordExists
INFO 2012-01-19 14:26:34,468 UID a2fmhvidcdct3j896k0mcj0m7k@google.com: Imported new event, id=19252
INFO 2012-01-19 14:26:34,468 UID a2fmhvidcdct3j896k0mcj0m7k@google.com: Report status notice: EventImportNotice: RecordExists
INFO 2012-01-19 14:26:34,472 UID f62qlc4npmpv80ltc3fqp1m0as@google.com: Imported new event, id=19253
INFO 2012-01-19 14:26:34,472 UID f62qlc4npmpv80ltc3fqp1m0as@google.com: Report status notice: EventImportNotice: RecordExists
INFO 2012-01-19 14:26:34,479 UID kqn2u6pv9ppdn94fjqcitaf5b4@google.com: Imported new event, id=19254
INFO 2012-01-19 14:26:34,479 UID kqn2u6pv9ppdn94fjqcitaf5b4@google.com: Report status notice: EventImportNotice: RecordExists
INFO 2012-01-19 14:26:34,486 UID vf1juivdall3l335lmd7b9gd0k@google.com: Imported new event, id=19255
INFO 2012-01-19 14:26:34,486 UID vf1juivdall3l335lmd7b9gd0k@google.com: Report status notice: EventImportNotice: RecordExists
INFO 2012-01-19 14:26:34,490 UID jlsl4difldn7affc6svt9iipkc@google.com: Imported new event, id=19256
INFO 2012-01-19 14:26:34,491 UID jlsl4difldn7affc6svt9iipkc@google.com: Report status notice: EventImportNotice: RecordExists
INFO 2012-01-19 14:26:34,494 UID 9qc134asp9lb5uni0ddf8q30mc@google.com: Imported new event, id=19257
INFO 2012-01-19 14:26:34,494 UID 9qc134asp9lb5uni0ddf8q30mc@google.com: Report status notice: EventImportNotice: RecordExists
INFO 2012-01-19 14:26:34,498 UID u8n3jqrs11op48fueujvgp7qgc@google.com: Imported new event, id=19258
INFO 2012-01-19 14:26:34,499 UID u8n3jqrs11op48fueujvgp7qgc@google.com: Report status notice: EventImportNotice: RecordExists
INFO 2012-01-19 14:26:34,503 UID 2bof3u1tveho3f6b2uvafqnnp4@google.com: Imported new event, id=19259
INFO 2012-01-19 14:26:34,504 UID 2bof3u1tveho3f6b2uvafqnnp4@google.com: Report status notice: EventImportNotice: RecordExists
INFO 2012-01-19 14:26:34,509 UID 4fc3bish4vt3p3292a7k77le6s@google.com: Imported new event, id=19260
INFO 2012-01-19 14:26:34,509 UID 4fc3bish4vt3p3292a7k77le6s@google.com: Report status notice: EventImportNotice: RecordExists
INFO 2012-01-19 14:26:34,513 UID 50ruqaav2tje71a70fb3o18r5k@google.com: Imported new event, id=19261
INFO 2012-01-19 14:26:34,513 UID 50ruqaav2tje71a70fb3o18r5k@google.com: Report status notice: EventImportNotice: RecordExists
INFO 2012-01-19 14:26:34,517 UID rmp22l341s08jnf34t1fs6fog0@google.com: Imported new event, id=19262
INFO 2012-01-19 14:26:34,517 UID rmp22l341s08jnf34t1fs6fog0@google.com: Report status notice: EventImportNotice: RecordExists
INFO 2012-01-19 14:26:34,523 UID 4uv2jphjkd8vt6dslob9l4sud8@google.com: Imported new event, id=19263
INFO 2012-01-19 14:26:34,523 UID 4uv2jphjkd8vt6dslob9l4sud8@google.com: Report status notice: EventImportNotice: RecordExists
INFO 2012-01-19 14:26:34,528 UID t8f58ouler4p0i29lb0k078ut0@google.com: Imported new event, id=19264
INFO 2012-01-19 14:26:34,528 UID t8f58ouler4p0i29lb0k078ut0@google.com: Report status notice: EventImportNotice: RecordExists
INFO 2012-01-19 14:26:34,535 UID 450u7tjtn85a2gs15aba2rp12o@google.com: Imported new event, id=19265
INFO 2012-01-19 14:26:34,535 UID 450u7tjtn85a2gs15aba2rp12o@google.com: Report status notice: EventImportNotice: RecordExists
INFO 2012-01-19 14:26:34,540 UID 95phav2r5kqakdtm1m3r27erg8@google.com: Imported new event, id=19266
INFO 2012-01-19 14:26:34,540 UID 95phav2r5kqakdtm1m3r27erg8@google.com: Report status notice: EventImportNotice: RecordExists
INFO 2012-01-19 14:26:34,545 UID 6gbq5gi6bm5gke1bitarba93ak@google.com: Imported new event, id=19267
INFO 2012-01-19 14:26:34,545 UID 6gbq5gi6bm5gke1bitarba93ak@google.com: Report status notice: EventImportNotice: RecordExists
INFO 2012-01-19 14:26:34,549 UID 3ip8g0kbth125na2a3n8sl9an8@google.com: Imported new event, id=19268
INFO 2012-01-19 14:26:34,550 UID 3ip8g0kbth125na2a3n8sl9an8@google.com: Report status notice: EventImportNotice: RecordExists
INFO 2012-01-19 14:26:34,554 UID 2ian0s7fi3gf7td975hj5qlt80@google.com: Imported new event, id=19269
INFO 2012-01-19 14:26:34,554 UID 2ian0s7fi3gf7td975hj5qlt80@google.com: Report status notice: EventImportNotice: RecordExists
INFO 2012-01-19 14:26:34,558 UID 27o3kjconfcs5nc31nvs00qhbs@google.com: Imported new event, id=19270
INFO 2012-01-19 14:26:34,558 UID 27o3kjconfcs5nc31nvs00qhbs@google.com: Report status notice: EventImportNotice: RecordExists
INFO 2012-01-19 14:26:34,562 UID lkju63bvjdfjrhm75nm9581is0@google.com: Imported new event, id=19271
INFO 2012-01-19 14:26:34,562 UID lkju63bvjdfjrhm75nm9581is0@google.com: Report status notice: EventImportNotice: RecordExists
INFO 2012-01-19 14:26:34,566 UID 0uvrta5d32e7kme7o299oobii8@google.com: Imported new event, id=19272
INFO 2012-01-19 14:26:34,566 UID 0uvrta5d32e7kme7o299oobii8@google.com: Report status notice: EventImportNotice: RecordExists
INFO 2012-01-19 14:26:34,575 UID vgsdt187089feutijqgd5haipc@google.com: Imported new event, id=19273
INFO 2012-01-19 14:26:34,575 UID vgsdt187089feutijqgd5haipc@google.com: Report status notice: EventImportNotice: RecordExists
INFO 2012-01-19 14:26:34,580 UID 9leeurtopqq2agj89snce0jku4@google.com: Imported new event, id=19274
INFO 2012-01-19 14:26:34,580 UID 9leeurtopqq2agj89snce0jku4@google.com: Report status notice: EventImportNotice: RecordExists
INFO 2012-01-19 14:26:34,584 UID 86us81bpbapl6otfvs3j2me42s@google.com: Imported new event, id=19275
INFO 2012-01-19 14:26:34,584 UID 86us81bpbapl6otfvs3j2me42s@google.com: Report status notice: EventImportNotice: RecordExists
INFO 2012-01-19 14:26:34,590 UID 1dcprmoav936pgontuqs4a08ig@google.com: Imported new event, id=19276
INFO 2012-01-19 14:26:34,590 UID 1dcprmoav936pgontuqs4a08ig@google.com: Report status notice: EventImportNotice: RecordExists
INFO 2012-01-19 14:26:34,594 UID 1k83s9ju81atetmp2qmpbkj5i0@google.com: Imported new event, id=19277
INFO 2012-01-19 14:26:34,594 UID 1k83s9ju81atetmp2qmpbkj5i0@google.com: Report status notice: EventImportNotice: RecordExists
INFO 2012-01-19 14:26:34,600 0 new Events imported from feed "Steel City Improv"
INFO 2012-01-19 14:26:34,600 Processing new events from feed "GNA Woodworks School"
INFO 2012-01-19 14:26:35,434 UID iog0um8o8aj4pnl09vlmm9iobg@google.com: Imported new event, id=19552
INFO 2012-01-19 14:26:35,435 UID iog0um8o8aj4pnl09vlmm9iobg@google.com: Report status notice: EventImportNotice: LocationResolveStatus: "GNA Woodworks 1454 Fleming Ave McKees Rocks,  PA 15136" resolved with parse status RESOLVED_FIELD0_NAME_FIELD1_ADDRESS
INFO 2012-01-19 14:26:35,900 UID 0dev2ne4i8bl777va7s90q1g7g@google.com: Imported new event, id=19553
INFO 2012-01-19 14:26:35,901 UID 0dev2ne4i8bl777va7s90q1g7g@google.com: Report status notice: EventImportNotice: LocationResolveStatus: "GNA Woodworks   1454 Fleming Ave McKees Rocks,  PA 15136" resolved with parse status RESOLVED_FIELD0_NAME_FIELD1_ADDRESS
INFO 2012-01-19 14:26:36,580 UID a44v3qr4ahujkgois8nd9ci24c@google.com: Imported new event, id=19554
INFO 2012-01-19 14:26:36,581 UID a44v3qr4ahujkgois8nd9ci24c@google.com: Report status notice: EventImportNotice: LocationResolveStatus: "1454 Fleming Ave McKees Rocks,  PA 15136" resolved with parse status GEOCODED_FULL_STRING
INFO 2012-01-19 14:26:36,590 UID a44mio3rbltn1c7ao6g3vuaqlg@google.com: Imported new event, id=19555
INFO 2012-01-19 14:26:36,596 UID t648etunk7ljl0l2hi1t3r4ipg@google.com: Imported new event, id=19556
INFO 2012-01-19 14:26:36,597 5 new Events imported from feed "GNA Woodworks School"
INFO 2012-01-19 14:26:36,597 Processing new events from feed "Pittsburgh Community Dance Network"
INFO 2012-01-19 14:26:37,110 UID 16igb4hlt5qms73adtcin4a7d0@google.com: Imported new event, id=19557
INFO 2012-01-19 14:26:37,115 UID g51nc17efm8pa6scn4cnkvc7o0@google.com: Imported new event, id=19558
INFO 2012-01-19 14:26:37,121 UID jfct2pom6q2teaiauiroi7rlho@google.com: Imported new event, id=19559
INFO 2012-01-19 14:26:37,127 UID cab7ptc8j2ubav5u3a8q3q9kr0@google.com: Imported new event, id=19560
INFO 2012-01-19 14:26:37,132 UID 00768269vook00snor4s4g450s@google.com: Imported new event, id=19561
INFO 2012-01-19 14:26:37,138 UID 0747rgibtbfuvveg1ekdmsg6eg@google.com: Imported new event, id=19562
INFO 2012-01-19 14:26:37,142 UID 0qbrupdenfvvvh0obh750ldt5c@google.com: Imported new event, id=19563
INFO 2012-01-19 14:26:37,149 UID a140q14idfohi96fpopiaelejg@google.com: Imported new event, id=19564
INFO 2012-01-19 14:26:37,155 UID bhogq1bsbgmjpegf8pdt4ncl28@google.com: Imported new event, id=19565
INFO 2012-01-19 14:26:37,162 UID beugmluchu5hsshs6qpv9rf978@google.com: Imported new event, id=19566
INFO 2012-01-19 14:26:37,167 UID qlnu8iqkna34s2tacir7292p6o@google.com: Imported new event, id=19567
INFO 2012-01-19 14:26:37,172 UID 1phoirhp5ibgvfmj040bue844k@google.com: Imported new event, id=19568
INFO 2012-01-19 14:26:37,178 UID 5jnfapdmc92vu0ogd69bs64dnk@google.com: Imported new event, id=19569
INFO 2012-01-19 14:26:37,182 UID 0ppco9s3kanufmcit7tuoft170@google.com: Imported new event, id=19570
INFO 2012-01-19 14:26:37,187 UID rsrudkvceb70pscpsrc7a6klfg@google.com: Imported new event, id=19571
INFO 2012-01-19 14:26:37,200 UID j1adv3kp63ra9td07f5q1nep60@google.com: Imported new event, id=19572
INFO 2012-01-19 14:26:37,206 UID os2amak1duuvgot4n3m9l5jt1k@google.com: Imported new event, id=19573
INFO 2012-01-19 14:26:37,211 UID d056bfol5hug3fo6ifnd06gud4@google.com: Imported new event, id=19574
INFO 2012-01-19 14:26:37,216 UID jcqh2u3jj3d808g6r3bo1eu4a8@google.com: Imported new event, id=19575
INFO 2012-01-19 14:26:37,221 UID 0m70md92eq1eatbs024kjo21n0@google.com: Imported new event, id=19576
INFO 2012-01-19 14:26:37,226 UID tlg2vobvm35n0mk0dbm4ou0bm4@google.com: Imported new event, id=19577
INFO 2012-01-19 14:26:37,227 21 new Events imported from feed "Pittsburgh Community Dance Network"
INFO 2012-01-19 14:26:37,227 Event import complete
